<?xml version="1.0" encoding="UTF-8"?>
<coverage generated="1602367689987" clover="3.2.0">
  <project timestamp="1602367689988" name="All files">
    <metrics statements="98" coveredstatements="48" conditionals="23" coveredconditionals="3" methods="45" coveredmethods="8" elements="166" coveredelements="59" complexity="0" loc="98" ncloc="98" packages="8" files="16" classes="16"/>
    <package name="components.card">
      <metrics statements="12" coveredstatements="10" conditionals="7" coveredconditionals="3" methods="4" coveredmethods="4"/>
      <file name="Card.jsx" path="/home/Projects/Pruebas/frontend-tech-test-pb/src/components/card/Card.jsx">
        <metrics statements="2" coveredstatements="2" conditionals="2" coveredconditionals="1" methods="1" coveredmethods="1"/>
        <line num="10" count="1" type="stmt"/>
        <line num="11" count="1" type="stmt"/>
      </file>
      <file name="card.styles.jsx" path="/home/Projects/Pruebas/frontend-tech-test-pb/src/components/card/card.styles.jsx">
        <metrics statements="10" coveredstatements="8" conditionals="5" coveredconditionals="2" methods="3" coveredmethods="3"/>
        <line num="3" count="1" type="stmt"/>
        <line num="4" count="1" type="cond" truecount="1" falsecount="2"/>
        <line num="6" count="1" type="stmt"/>
        <line num="8" count="0" type="stmt"/>
        <line num="10" count="0" type="stmt"/>
        <line num="14" count="1" type="stmt"/>
        <line num="16" count="1" type="stmt"/>
        <line num="19" count="1" type="cond" truecount="1" falsecount="1"/>
        <line num="32" count="1" type="stmt"/>
        <line num="38" count="1" type="stmt"/>
      </file>
    </package>
    <package name="components.cardCity">
      <metrics statements="14" coveredstatements="7" conditionals="5" coveredconditionals="0" methods="6" coveredmethods="1"/>
      <file name="CardCity.jsx" path="/home/Projects/Pruebas/frontend-tech-test-pb/src/components/cardCity/CardCity.jsx">
        <metrics statements="7" coveredstatements="1" conditionals="3" coveredconditionals="0" methods="4" coveredmethods="0"/>
        <line num="17" count="1" type="stmt"/>
        <line num="24" count="0" type="stmt"/>
        <line num="25" count="0" type="stmt"/>
        <line num="28" count="0" type="stmt"/>
        <line num="29" count="0" type="stmt"/>
        <line num="32" count="0" type="stmt"/>
        <line num="56" count="0" type="stmt"/>
      </file>
      <file name="cardCity.selectors.jsx" path="/home/Projects/Pruebas/frontend-tech-test-pb/src/components/cardCity/cardCity.selectors.jsx">
        <metrics statements="1" coveredstatements="1" conditionals="0" coveredconditionals="0" methods="1" coveredmethods="1"/>
        <line num="1" count="3" type="stmt"/>
      </file>
      <file name="cardCity.styles.jsx" path="/home/Projects/Pruebas/frontend-tech-test-pb/src/components/cardCity/cardCity.styles.jsx">
        <metrics statements="6" coveredstatements="5" conditionals="2" coveredconditionals="0" methods="1" coveredmethods="0"/>
        <line num="3" count="1" type="stmt"/>
        <line num="44" count="0" type="cond" truecount="0" falsecount="2"/>
        <line num="57" count="1" type="stmt"/>
        <line num="69" count="1" type="stmt"/>
        <line num="76" count="1" type="stmt"/>
        <line num="82" count="1" type="stmt"/>
      </file>
    </package>
    <package name="components.common.buttons.button">
      <metrics statements="1" coveredstatements="1" conditionals="0" coveredconditionals="0" methods="0" coveredmethods="0"/>
      <file name="Button.styled.jsx" path="/home/Projects/Pruebas/frontend-tech-test-pb/src/components/common/buttons/button/Button.styled.jsx">
        <metrics statements="1" coveredstatements="1" conditionals="0" coveredconditionals="0" methods="0" coveredmethods="0"/>
        <line num="3" count="2" type="stmt"/>
      </file>
    </package>
    <package name="components.common.buttons.delete">
      <metrics statements="1" coveredstatements="1" conditionals="0" coveredconditionals="0" methods="0" coveredmethods="0"/>
      <file name="Delete.styles.jsx" path="/home/Projects/Pruebas/frontend-tech-test-pb/src/components/common/buttons/delete/Delete.styles.jsx">
        <metrics statements="1" coveredstatements="1" conditionals="0" coveredconditionals="0" methods="0" coveredmethods="0"/>
        <line num="5" count="1" type="stmt"/>
      </file>
    </package>
    <package name="components.common.buttons.submit">
      <metrics statements="1" coveredstatements="1" conditionals="0" coveredconditionals="0" methods="0" coveredmethods="0"/>
      <file name="Submit.styles.jsx" path="/home/Projects/Pruebas/frontend-tech-test-pb/src/components/common/buttons/submit/Submit.styles.jsx">
        <metrics statements="1" coveredstatements="1" conditionals="0" coveredconditionals="0" methods="0" coveredmethods="0"/>
        <line num="5" count="1" type="stmt"/>
      </file>
    </package>
    <package name="components.search">
      <metrics statements="9" coveredstatements="4" conditionals="4" coveredconditionals="0" methods="2" coveredmethods="1"/>
      <file name="Search.jsx" path="/home/Projects/Pruebas/frontend-tech-test-pb/src/components/search/Search.jsx">
        <metrics statements="8" coveredstatements="3" conditionals="4" coveredconditionals="0" methods="2" coveredmethods="1"/>
        <line num="15" count="1" type="stmt"/>
        <line num="16" count="2" type="stmt"/>
        <line num="18" count="2" type="stmt"/>
        <line num="20" count="0" type="stmt"/>
        <line num="22" count="0" type="stmt"/>
        <line num="23" count="0" type="stmt"/>
        <line num="24" count="0" type="stmt"/>
        <line num="27" count="0" type="stmt"/>
      </file>
      <file name="search.styles.jsx" path="/home/Projects/Pruebas/frontend-tech-test-pb/src/components/search/search.styles.jsx">
        <metrics statements="1" coveredstatements="1" conditionals="0" coveredconditionals="0" methods="0" coveredmethods="0"/>
        <line num="3" count="1" type="stmt"/>
      </file>
    </package>
    <package name="redux.actions">
      <metrics statements="47" coveredstatements="22" conditionals="2" coveredconditionals="0" methods="30" coveredmethods="2"/>
      <file name="ListSelectedActions.js" path="/home/Projects/Pruebas/frontend-tech-test-pb/src/redux/actions/ListSelectedActions.js">
        <metrics statements="3" coveredstatements="1" conditionals="0" coveredconditionals="0" methods="3" coveredmethods="0"/>
        <line num="4" count="0" type="stmt"/>
        <line num="5" count="0" type="stmt"/>
        <line num="9" count="3" type="stmt"/>
      </file>
      <file name="SearchActions.js" path="/home/Projects/Pruebas/frontend-tech-test-pb/src/redux/actions/SearchActions.js">
        <metrics statements="11" coveredstatements="3" conditionals="2" coveredconditionals="0" methods="8" coveredmethods="0"/>
        <line num="8" count="0" type="stmt"/>
        <line num="9" count="0" type="stmt"/>
        <line num="13" count="0" type="stmt"/>
        <line num="16" count="0" type="cond" truecount="0" falsecount="2"/>
        <line num="17" count="0" type="stmt"/>
        <line num="19" count="0" type="stmt"/>
        <line num="23" count="0" type="stmt"/>
        <line num="24" count="0" type="stmt"/>
        <line num="29" count="2" type="stmt"/>
        <line num="33" count="2" type="stmt"/>
        <line num="38" count="2" type="stmt"/>
      </file>
      <file name="StatusActions.js" path="/home/Projects/Pruebas/frontend-tech-test-pb/src/redux/actions/StatusActions.js">
        <metrics statements="3" coveredstatements="1" conditionals="0" coveredconditionals="0" methods="3" coveredmethods="0"/>
        <line num="4" count="0" type="stmt"/>
        <line num="5" count="0" type="stmt"/>
        <line num="9" count="2" type="stmt"/>
      </file>
      <file name="action-types.js" path="/home/Projects/Pruebas/frontend-tech-test-pb/src/redux/actions/action-types.js">
        <metrics statements="11" coveredstatements="11" conditionals="0" coveredconditionals="0" methods="0" coveredmethods="0"/>
        <line num="1" count="5" type="stmt"/>
        <line num="2" count="5" type="stmt"/>
        <line num="3" count="5" type="stmt"/>
        <line num="4" count="5" type="stmt"/>
        <line num="5" count="5" type="stmt"/>
        <line num="6" count="5" type="stmt"/>
        <line num="7" count="5" type="stmt"/>
        <line num="8" count="5" type="stmt"/>
        <line num="9" count="5" type="stmt"/>
        <line num="10" count="5" type="stmt"/>
        <line num="11" count="5" type="stmt"/>
      </file>
      <file name="index.js" path="/home/Projects/Pruebas/frontend-tech-test-pb/src/redux/actions/index.js">
        <metrics statements="19" coveredstatements="6" conditionals="0" coveredconditionals="0" methods="16" coveredmethods="2"/>
        <line num="11" count="0" type="stmt"/>
        <line num="12" count="0" type="stmt"/>
        <line num="16" count="0" type="stmt"/>
        <line num="19" count="0" type="stmt"/>
        <line num="22" count="0" type="stmt"/>
        <line num="23" count="0" type="stmt"/>
        <line num="28" count="0" type="stmt"/>
        <line num="29" count="0" type="stmt"/>
        <line num="33" count="0" type="stmt"/>
        <line num="36" count="0" type="stmt"/>
        <line num="37" count="0" type="stmt"/>
        <line num="40" count="0" type="stmt"/>
        <line num="41" count="0" type="stmt"/>
        <line num="46" count="1" type="stmt"/>
        <line num="50" count="1" type="stmt"/>
        <line num="55" count="1" type="stmt"/>
        <line num="60" count="1" type="stmt"/>
        <line num="64" count="1" type="stmt"/>
        <line num="69" count="1" type="stmt"/>
      </file>
    </package>
    <package name="redux.reducers">
      <metrics statements="13" coveredstatements="2" conditionals="5" coveredconditionals="0" methods="3" coveredmethods="0"/>
      <file name="CitiesReducer.js" path="/home/Projects/Pruebas/frontend-tech-test-pb/src/redux/reducers/CitiesReducer.js">
        <metrics statements="13" coveredstatements="2" conditionals="5" coveredconditionals="0" methods="3" coveredmethods="0"/>
        <line num="7" count="1" type="stmt"/>
        <line num="13" count="1" type="stmt"/>
        <line num="18" count="0" type="stmt"/>
        <line num="21" count="0" type="stmt"/>
        <line num="23" count="0" type="stmt"/>
        <line num="24" count="0" type="stmt"/>
        <line num="31" count="0" type="stmt"/>
        <line num="34" count="0" type="stmt"/>
        <line num="37" count="0" type="cond" truecount="0" falsecount="4"/>
        <line num="39" count="0" type="stmt"/>
        <line num="45" count="0" type="stmt"/>
        <line num="52" count="0" type="stmt"/>
        <line num="59" count="0" type="stmt"/>
      </file>
    </package>
  </project>
</coverage>
