{"/home/Projects/Pruebas/frontend-tech-test-pb/src/components/card/Card.jsx": {"path":"/home/Projects/Pruebas/frontend-tech-test-pb/src/components/card/Card.jsx","statementMap":{"0":{"start":{"line":10,"column":13},"end":{"line":25,"column":1}},"1":{"start":{"line":11,"column":2},"end":{"line":24,"column":4}}},"fnMap":{"0":{"name":"(anonymous_0)","decl":{"start":{"line":10,"column":13},"end":{"line":10,"column":14}},"loc":{"start":{"line":10,"column":66},"end":{"line":25,"column":1}},"line":10}},"branchMap":{"0":{"loc":{"start":{"line":13,"column":23},"end":{"line":13,"column":48}},"type":"cond-expr","locations":[{"start":{"line":13,"column":33},"end":{"line":13,"column":43}},{"start":{"line":13,"column":46},"end":{"line":13,"column":48}}],"line":13}},"s":{"0":1,"1":1},"f":{"0":1},"b":{"0":[0,1]},"_coverageSchema":"1a1c01bbd47fc00a2c39e90264f33305004495a9","hash":"75cb2a4fdd5654f2e19dedf554904b4268cad3e9"}
,"/home/Projects/Pruebas/frontend-tech-test-pb/src/components/card/card.styles.jsx": {"path":"/home/Projects/Pruebas/frontend-tech-test-pb/src/components/card/card.styles.jsx","statementMap":{"0":{"start":{"line":3,"column":26},"end":{"line":12,"column":1}},"1":{"start":{"line":4,"column":2},"end":{"line":11,"column":3}},"2":{"start":{"line":6,"column":6},"end":{"line":6,"column":20}},"3":{"start":{"line":8,"column":6},"end":{"line":8,"column":23}},"4":{"start":{"line":10,"column":6},"end":{"line":10,"column":23}},"5":{"start":{"line":14,"column":27},"end":{"line":30,"column":1}},"6":{"start":{"line":16,"column":34},"end":{"line":16,"column":55}},"7":{"start":{"line":19,"column":23},"end":{"line":19,"column":68}},"8":{"start":{"line":32,"column":20},"end":{"line":36,"column":1}},"9":{"start":{"line":38,"column":27},"end":{"line":42,"column":1}}},"fnMap":{"0":{"name":"(anonymous_0)","decl":{"start":{"line":3,"column":26},"end":{"line":3,"column":27}},"loc":{"start":{"line":3,"column":37},"end":{"line":12,"column":1}},"line":3},"1":{"name":"(anonymous_1)","decl":{"start":{"line":16,"column":22},"end":{"line":16,"column":23}},"loc":{"start":{"line":16,"column":34},"end":{"line":16,"column":55}},"line":16},"2":{"name":"(anonymous_2)","decl":{"start":{"line":19,"column":11},"end":{"line":19,"column":12}},"loc":{"start":{"line":19,"column":23},"end":{"line":19,"column":68}},"line":19}},"branchMap":{"0":{"loc":{"start":{"line":4,"column":2},"end":{"line":11,"column":3}},"type":"switch","locations":[{"start":{"line":5,"column":4},"end":{"line":6,"column":20}},{"start":{"line":7,"column":4},"end":{"line":8,"column":23}},{"start":{"line":9,"column":4},"end":{"line":10,"column":23}}],"line":4},"1":{"loc":{"start":{"line":19,"column":23},"end":{"line":19,"column":68}},"type":"cond-expr","locations":[{"start":{"line":19,"column":49},"end":{"line":19,"column":56}},{"start":{"line":19,"column":59},"end":{"line":19,"column":68}}],"line":19}},"s":{"0":1,"1":1,"2":1,"3":0,"4":0,"5":1,"6":1,"7":1,"8":1,"9":1},"f":{"0":1,"1":1,"2":1},"b":{"0":[1,0,0],"1":[0,1]},"_coverageSchema":"1a1c01bbd47fc00a2c39e90264f33305004495a9","hash":"0fd070a13ce745444e1cf3933d9aa48fb3c974a1"}
,"/home/Projects/Pruebas/frontend-tech-test-pb/src/components/cardCity/CardCity.jsx": {"path":"/home/Projects/Pruebas/frontend-tech-test-pb/src/components/cardCity/CardCity.jsx","statementMap":{"0":{"start":{"line":17,"column":17},"end":{"line":65,"column":1}},"1":{"start":{"line":24,"column":21},"end":{"line":24,"column":47}},"2":{"start":{"line":25,"column":19},"end":{"line":25,"column":32}},"3":{"start":{"line":28,"column":20},"end":{"line":28,"column":71}},"4":{"start":{"line":28,"column":48},"end":{"line":28,"column":70}},"5":{"start":{"line":29,"column":4},"end":{"line":29,"column":39}},"6":{"start":{"line":32,"column":2},"end":{"line":64,"column":4}},"7":{"start":{"line":56,"column":51},"end":{"line":56,"column":71}}},"fnMap":{"0":{"name":"(anonymous_0)","decl":{"start":{"line":17,"column":17},"end":{"line":17,"column":18}},"loc":{"start":{"line":23,"column":6},"end":{"line":65,"column":1}},"line":23},"1":{"name":"handleDelete","decl":{"start":{"line":27,"column":11},"end":{"line":27,"column":23}},"loc":{"start":{"line":27,"column":26},"end":{"line":30,"column":3}},"line":27},"2":{"name":"(anonymous_2)","decl":{"start":{"line":28,"column":38},"end":{"line":28,"column":39}},"loc":{"start":{"line":28,"column":48},"end":{"line":28,"column":70}},"line":28},"3":{"name":"(anonymous_3)","decl":{"start":{"line":56,"column":45},"end":{"line":56,"column":46}},"loc":{"start":{"line":56,"column":51},"end":{"line":56,"column":71}},"line":56}},"branchMap":{"0":{"loc":{"start":{"line":20,"column":2},"end":{"line":20,"column":25}},"type":"default-arg","locations":[{"start":{"line":20,"column":20},"end":{"line":20,"column":25}}],"line":20},"1":{"loc":{"start":{"line":55,"column":7},"end":{"line":59,"column":7}},"type":"binary-expr","locations":[{"start":{"line":55,"column":7},"end":{"line":55,"column":22}},{"start":{"line":56,"column":8},"end":{"line":58,"column":23}}],"line":55}},"s":{"0":1,"1":0,"2":0,"3":0,"4":0,"5":0,"6":0,"7":0},"f":{"0":0,"1":0,"2":0,"3":0},"b":{"0":[0],"1":[0,0]},"_coverageSchema":"1a1c01bbd47fc00a2c39e90264f33305004495a9","hash":"735db381703d55d4feafb7068b705fe1c86d8914"}
,"/home/Projects/Pruebas/frontend-tech-test-pb/src/components/cardCity/cardCity.selectors.jsx": {"path":"/home/Projects/Pruebas/frontend-tech-test-pb/src/components/cardCity/cardCity.selectors.jsx","statementMap":{"0":{"start":{"line":1,"column":29},"end":{"line":1,"column":71}},"1":{"start":{"line":1,"column":40},"end":{"line":1,"column":71}}},"fnMap":{"0":{"name":"(anonymous_0)","decl":{"start":{"line":1,"column":29},"end":{"line":1,"column":30}},"loc":{"start":{"line":1,"column":40},"end":{"line":1,"column":71}},"line":1}},"branchMap":{},"s":{"0":3,"1":2},"f":{"0":2},"b":{},"_coverageSchema":"1a1c01bbd47fc00a2c39e90264f33305004495a9","hash":"df9e24a36cd5df6128d6fc60e633f08c79402484"}
,"/home/Projects/Pruebas/frontend-tech-test-pb/src/components/cardCity/cardCity.styles.jsx": {"path":"/home/Projects/Pruebas/frontend-tech-test-pb/src/components/cardCity/cardCity.styles.jsx","statementMap":{"0":{"start":{"line":3,"column":37},"end":{"line":55,"column":1}},"1":{"start":{"line":44,"column":25},"end":{"line":44,"column":52}},"2":{"start":{"line":57,"column":20},"end":{"line":67,"column":1}},"3":{"start":{"line":69,"column":27},"end":{"line":75,"column":1}},"4":{"start":{"line":76,"column":22},"end":{"line":80,"column":1}},"5":{"start":{"line":82,"column":25},"end":{"line":93,"column":1}}},"fnMap":{"0":{"name":"(anonymous_0)","decl":{"start":{"line":44,"column":13},"end":{"line":44,"column":14}},"loc":{"start":{"line":44,"column":25},"end":{"line":44,"column":52}},"line":44}},"branchMap":{"0":{"loc":{"start":{"line":44,"column":25},"end":{"line":44,"column":52}},"type":"cond-expr","locations":[{"start":{"line":44,"column":43},"end":{"line":44,"column":46}},{"start":{"line":44,"column":49},"end":{"line":44,"column":52}}],"line":44}},"s":{"0":1,"1":0,"2":1,"3":1,"4":1,"5":1},"f":{"0":0},"b":{"0":[0,0]},"_coverageSchema":"1a1c01bbd47fc00a2c39e90264f33305004495a9","hash":"7c82a3888176f50b4b447899ece5d4531016e611"}
,"/home/Projects/Pruebas/frontend-tech-test-pb/src/components/common/buttons/button/Button.styled.jsx": {"path":"/home/Projects/Pruebas/frontend-tech-test-pb/src/components/common/buttons/button/Button.styled.jsx","statementMap":{"0":{"start":{"line":3,"column":22},"end":{"line":9,"column":1}}},"fnMap":{},"branchMap":{},"s":{"0":2},"f":{},"b":{},"_coverageSchema":"1a1c01bbd47fc00a2c39e90264f33305004495a9","hash":"b519eb6eed7b5f288a70e991acad47f5e26a27f2"}
,"/home/Projects/Pruebas/frontend-tech-test-pb/src/components/common/buttons/delete/Delete.styles.jsx": {"path":"/home/Projects/Pruebas/frontend-tech-test-pb/src/components/common/buttons/delete/Delete.styles.jsx","statementMap":{"0":{"start":{"line":5,"column":28},"end":{"line":9,"column":1}}},"fnMap":{},"branchMap":{},"s":{"0":1},"f":{},"b":{},"_coverageSchema":"1a1c01bbd47fc00a2c39e90264f33305004495a9","hash":"96c3366230c309dec2af8ba756d0ac6d750a5290"}
,"/home/Projects/Pruebas/frontend-tech-test-pb/src/components/common/buttons/submit/Submit.styles.jsx": {"path":"/home/Projects/Pruebas/frontend-tech-test-pb/src/components/common/buttons/submit/Submit.styles.jsx","statementMap":{"0":{"start":{"line":5,"column":28},"end":{"line":9,"column":1}}},"fnMap":{},"branchMap":{},"s":{"0":1},"f":{},"b":{},"_coverageSchema":"1a1c01bbd47fc00a2c39e90264f33305004495a9","hash":"5d0cefc2d8f3e61c38a569d0d9b2a943c22866d9"}
,"/home/Projects/Pruebas/frontend-tech-test-pb/src/components/search/Search.jsx": {"path":"/home/Projects/Pruebas/frontend-tech-test-pb/src/components/search/Search.jsx","statementMap":{"0":{"start":{"line":15,"column":15},"end":{"line":52,"column":1}},"1":{"start":{"line":16,"column":19},"end":{"line":16,"column":32}},"2":{"start":{"line":18,"column":21},"end":{"line":18,"column":47}},"3":{"start":{"line":20,"column":45},"end":{"line":20,"column":54}},"4":{"start":{"line":22,"column":19},"end":{"line":25,"column":3}},"5":{"start":{"line":23,"column":4},"end":{"line":23,"column":42}},"6":{"start":{"line":24,"column":4},"end":{"line":24,"column":43}},"7":{"start":{"line":27,"column":2},"end":{"line":51,"column":4}}},"fnMap":{"0":{"name":"(anonymous_0)","decl":{"start":{"line":15,"column":15},"end":{"line":15,"column":16}},"loc":{"start":{"line":15,"column":21},"end":{"line":52,"column":1}},"line":15},"1":{"name":"(anonymous_1)","decl":{"start":{"line":22,"column":19},"end":{"line":22,"column":20}},"loc":{"start":{"line":22,"column":31},"end":{"line":25,"column":3}},"line":22}},"branchMap":{"0":{"loc":{"start":{"line":29,"column":7},"end":{"line":49,"column":7}},"type":"cond-expr","locations":[{"start":{"line":30,"column":8},"end":{"line":30,"column":54}},{"start":{"line":32,"column":8},"end":{"line":48,"column":24}}],"line":29},"1":{"loc":{"start":{"line":44,"column":13},"end":{"line":44,"column":51}},"type":"binary-expr","locations":[{"start":{"line":44,"column":13},"end":{"line":44,"column":26}},{"start":{"line":44,"column":30},"end":{"line":44,"column":51}}],"line":44}},"s":{"0":1,"1":2,"2":2,"3":0,"4":0,"5":0,"6":0,"7":0},"f":{"0":2,"1":0},"b":{"0":[0,0],"1":[0,0]},"_coverageSchema":"1a1c01bbd47fc00a2c39e90264f33305004495a9","hash":"0325bd423836905ccec457ef8f3b3c13a510e398"}
,"/home/Projects/Pruebas/frontend-tech-test-pb/src/components/search/search.styles.jsx": {"path":"/home/Projects/Pruebas/frontend-tech-test-pb/src/components/search/search.styles.jsx","statementMap":{"0":{"start":{"line":3,"column":29},"end":{"line":28,"column":1}}},"fnMap":{},"branchMap":{},"s":{"0":1},"f":{},"b":{},"_coverageSchema":"1a1c01bbd47fc00a2c39e90264f33305004495a9","hash":"9a85463340c0858c8b8ad124cbf8276bcbbae344"}
,"/home/Projects/Pruebas/frontend-tech-test-pb/src/redux/actions/ListSelectedActions.js": {"path":"/home/Projects/Pruebas/frontend-tech-test-pb/src/redux/actions/ListSelectedActions.js","statementMap":{"0":{"start":{"line":4,"column":2},"end":{"line":6,"column":4}},"1":{"start":{"line":5,"column":4},"end":{"line":5,"column":45}},"2":{"start":{"line":9,"column":33},"end":{"line":12,"column":2}},"3":{"start":{"line":9,"column":44},"end":{"line":12,"column":1}}},"fnMap":{"0":{"name":"setListSelected","decl":{"start":{"line":3,"column":16},"end":{"line":3,"column":31}},"loc":{"start":{"line":3,"column":38},"end":{"line":7,"column":1}},"line":3},"1":{"name":"(anonymous_1)","decl":{"start":{"line":4,"column":9},"end":{"line":4,"column":10}},"loc":{"start":{"line":4,"column":23},"end":{"line":6,"column":3}},"line":4},"2":{"name":"(anonymous_2)","decl":{"start":{"line":9,"column":33},"end":{"line":9,"column":34}},"loc":{"start":{"line":9,"column":44},"end":{"line":12,"column":1}},"line":9}},"branchMap":{},"s":{"0":0,"1":0,"2":3,"3":0},"f":{"0":0,"1":0,"2":0},"b":{},"_coverageSchema":"1a1c01bbd47fc00a2c39e90264f33305004495a9","hash":"cdce1429affd220f0ca9d78e606f3819364d56ee"}
,"/home/Projects/Pruebas/frontend-tech-test-pb/src/redux/actions/SearchActions.js": {"path":"/home/Projects/Pruebas/frontend-tech-test-pb/src/redux/actions/SearchActions.js","statementMap":{"0":{"start":{"line":8,"column":2},"end":{"line":26,"column":4}},"1":{"start":{"line":9,"column":4},"end":{"line":25,"column":9}},"2":{"start":{"line":13,"column":8},"end":{"line":13,"column":31}},"3":{"start":{"line":16,"column":8},"end":{"line":20,"column":9}},"4":{"start":{"line":17,"column":10},"end":{"line":17,"column":45}},"5":{"start":{"line":19,"column":10},"end":{"line":19,"column":45}},"6":{"start":{"line":23,"column":8},"end":{"line":23,"column":42}},"7":{"start":{"line":24,"column":8},"end":{"line":24,"column":27}},"8":{"start":{"line":29,"column":32},"end":{"line":31,"column":2}},"9":{"start":{"line":29,"column":39},"end":{"line":31,"column":1}},"10":{"start":{"line":33,"column":34},"end":{"line":36,"column":2}},"11":{"start":{"line":33,"column":47},"end":{"line":36,"column":1}},"12":{"start":{"line":38,"column":34},"end":{"line":41,"column":2}},"13":{"start":{"line":38,"column":46},"end":{"line":41,"column":1}}},"fnMap":{"0":{"name":"getSearchCity","decl":{"start":{"line":7,"column":16},"end":{"line":7,"column":29}},"loc":{"start":{"line":7,"column":38},"end":{"line":27,"column":1}},"line":7},"1":{"name":"(anonymous_1)","decl":{"start":{"line":8,"column":9},"end":{"line":8,"column":10}},"loc":{"start":{"line":8,"column":23},"end":{"line":26,"column":3}},"line":8},"2":{"name":"(anonymous_2)","decl":{"start":{"line":12,"column":12},"end":{"line":12,"column":13}},"loc":{"start":{"line":12,"column":32},"end":{"line":14,"column":7}},"line":12},"3":{"name":"(anonymous_3)","decl":{"start":{"line":15,"column":12},"end":{"line":15,"column":13}},"loc":{"start":{"line":15,"column":28},"end":{"line":21,"column":7}},"line":15},"4":{"name":"(anonymous_4)","decl":{"start":{"line":22,"column":13},"end":{"line":22,"column":14}},"loc":{"start":{"line":22,"column":28},"end":{"line":25,"column":7}},"line":22},"5":{"name":"(anonymous_5)","decl":{"start":{"line":29,"column":32},"end":{"line":29,"column":33}},"loc":{"start":{"line":29,"column":39},"end":{"line":31,"column":1}},"line":29},"6":{"name":"(anonymous_6)","decl":{"start":{"line":33,"column":34},"end":{"line":33,"column":35}},"loc":{"start":{"line":33,"column":47},"end":{"line":36,"column":1}},"line":33},"7":{"name":"(anonymous_7)","decl":{"start":{"line":38,"column":34},"end":{"line":38,"column":35}},"loc":{"start":{"line":38,"column":46},"end":{"line":41,"column":1}},"line":38}},"branchMap":{"0":{"loc":{"start":{"line":16,"column":8},"end":{"line":20,"column":9}},"type":"if","locations":[{"start":{"line":16,"column":8},"end":{"line":20,"column":9}},{"start":{"line":16,"column":8},"end":{"line":20,"column":9}}],"line":16}},"s":{"0":0,"1":0,"2":0,"3":0,"4":0,"5":0,"6":0,"7":0,"8":2,"9":0,"10":2,"11":0,"12":2,"13":0},"f":{"0":0,"1":0,"2":0,"3":0,"4":0,"5":0,"6":0,"7":0},"b":{"0":[0,0]},"_coverageSchema":"1a1c01bbd47fc00a2c39e90264f33305004495a9","hash":"2285410201c0575c4c4422bd9545ddcab63d7a71"}
,"/home/Projects/Pruebas/frontend-tech-test-pb/src/redux/actions/StatusActions.js": {"path":"/home/Projects/Pruebas/frontend-tech-test-pb/src/redux/actions/StatusActions.js","statementMap":{"0":{"start":{"line":4,"column":2},"end":{"line":6,"column":4}},"1":{"start":{"line":5,"column":4},"end":{"line":5,"column":51}},"2":{"start":{"line":9,"column":27},"end":{"line":12,"column":2}},"3":{"start":{"line":9,"column":50},"end":{"line":12,"column":1}}},"fnMap":{"0":{"name":"setStatus","decl":{"start":{"line":3,"column":16},"end":{"line":3,"column":25}},"loc":{"start":{"line":3,"column":44},"end":{"line":7,"column":1}},"line":3},"1":{"name":"(anonymous_1)","decl":{"start":{"line":4,"column":9},"end":{"line":4,"column":10}},"loc":{"start":{"line":4,"column":23},"end":{"line":6,"column":3}},"line":4},"2":{"name":"(anonymous_2)","decl":{"start":{"line":9,"column":27},"end":{"line":9,"column":28}},"loc":{"start":{"line":9,"column":50},"end":{"line":12,"column":1}},"line":9}},"branchMap":{},"s":{"0":0,"1":0,"2":2,"3":0},"f":{"0":0,"1":0,"2":0},"b":{},"_coverageSchema":"1a1c01bbd47fc00a2c39e90264f33305004495a9","hash":"455ce39c9af0ed9db6b459ac4383d32f50484dce"}
,"/home/Projects/Pruebas/frontend-tech-test-pb/src/redux/actions/action-types.js": {"path":"/home/Projects/Pruebas/frontend-tech-test-pb/src/redux/actions/action-types.js","statementMap":{"0":{"start":{"line":1,"column":34},"end":{"line":1,"column":54}},"1":{"start":{"line":2,"column":36},"end":{"line":2,"column":58}},"2":{"start":{"line":3,"column":36},"end":{"line":3,"column":58}},"3":{"start":{"line":4,"column":28},"end":{"line":4,"column":42}},"4":{"start":{"line":5,"column":35},"end":{"line":5,"column":56}},"5":{"start":{"line":6,"column":32},"end":{"line":6,"column":50}},"6":{"start":{"line":7,"column":34},"end":{"line":7,"column":54}},"7":{"start":{"line":8,"column":34},"end":{"line":8,"column":54}},"8":{"start":{"line":9,"column":39},"end":{"line":9,"column":64}},"9":{"start":{"line":10,"column":41},"end":{"line":10,"column":68}},"10":{"start":{"line":11,"column":41},"end":{"line":11,"column":68}}},"fnMap":{},"branchMap":{},"s":{"0":5,"1":5,"2":5,"3":5,"4":5,"5":5,"6":5,"7":5,"8":5,"9":5,"10":5},"f":{},"b":{},"_coverageSchema":"1a1c01bbd47fc00a2c39e90264f33305004495a9","hash":"2ce1be38d062e68ee2d311aade8597e318822121"}
,"/home/Projects/Pruebas/frontend-tech-test-pb/src/redux/actions/index.js": {"path":"/home/Projects/Pruebas/frontend-tech-test-pb/src/redux/actions/index.js","statementMap":{"0":{"start":{"line":11,"column":2},"end":{"line":25,"column":4}},"1":{"start":{"line":12,"column":4},"end":{"line":24,"column":9}},"2":{"start":{"line":16,"column":8},"end":{"line":16,"column":31}},"3":{"start":{"line":19,"column":8},"end":{"line":19,"column":43}},"4":{"start":{"line":22,"column":8},"end":{"line":22,"column":42}},"5":{"start":{"line":23,"column":8},"end":{"line":23,"column":27}},"6":{"start":{"line":28,"column":2},"end":{"line":43,"column":4}},"7":{"start":{"line":29,"column":4},"end":{"line":42,"column":9}},"8":{"start":{"line":33,"column":8},"end":{"line":33,"column":31}},"9":{"start":{"line":36,"column":8},"end":{"line":36,"column":28}},"10":{"start":{"line":37,"column":8},"end":{"line":37,"column":41}},"11":{"start":{"line":40,"column":8},"end":{"line":40,"column":27}},"12":{"start":{"line":41,"column":8},"end":{"line":41,"column":40}},"13":{"start":{"line":46,"column":32},"end":{"line":48,"column":2}},"14":{"start":{"line":46,"column":39},"end":{"line":48,"column":1}},"15":{"start":{"line":50,"column":34},"end":{"line":53,"column":2}},"16":{"start":{"line":50,"column":47},"end":{"line":53,"column":1}},"17":{"start":{"line":55,"column":34},"end":{"line":58,"column":2}},"18":{"start":{"line":55,"column":46},"end":{"line":58,"column":1}},"19":{"start":{"line":60,"column":30},"end":{"line":62,"column":2}},"20":{"start":{"line":60,"column":37},"end":{"line":62,"column":1}},"21":{"start":{"line":64,"column":32},"end":{"line":67,"column":2}},"22":{"start":{"line":64,"column":43},"end":{"line":67,"column":1}},"23":{"start":{"line":69,"column":32},"end":{"line":72,"column":2}},"24":{"start":{"line":69,"column":44},"end":{"line":72,"column":1}}},"fnMap":{"0":{"name":"getCities","decl":{"start":{"line":10,"column":16},"end":{"line":10,"column":25}},"loc":{"start":{"line":10,"column":34},"end":{"line":26,"column":1}},"line":10},"1":{"name":"(anonymous_1)","decl":{"start":{"line":11,"column":9},"end":{"line":11,"column":10}},"loc":{"start":{"line":11,"column":23},"end":{"line":25,"column":3}},"line":11},"2":{"name":"(anonymous_2)","decl":{"start":{"line":15,"column":12},"end":{"line":15,"column":13}},"loc":{"start":{"line":15,"column":32},"end":{"line":17,"column":7}},"line":15},"3":{"name":"(anonymous_3)","decl":{"start":{"line":18,"column":12},"end":{"line":18,"column":13}},"loc":{"start":{"line":18,"column":28},"end":{"line":20,"column":7}},"line":18},"4":{"name":"(anonymous_4)","decl":{"start":{"line":21,"column":13},"end":{"line":21,"column":14}},"loc":{"start":{"line":21,"column":28},"end":{"line":24,"column":7}},"line":21},"5":{"name":"getCity","decl":{"start":{"line":27,"column":16},"end":{"line":27,"column":23}},"loc":{"start":{"line":27,"column":32},"end":{"line":44,"column":1}},"line":27},"6":{"name":"(anonymous_6)","decl":{"start":{"line":28,"column":9},"end":{"line":28,"column":10}},"loc":{"start":{"line":28,"column":23},"end":{"line":43,"column":3}},"line":28},"7":{"name":"(anonymous_7)","decl":{"start":{"line":32,"column":12},"end":{"line":32,"column":13}},"loc":{"start":{"line":32,"column":32},"end":{"line":34,"column":7}},"line":32},"8":{"name":"(anonymous_8)","decl":{"start":{"line":35,"column":12},"end":{"line":35,"column":13}},"loc":{"start":{"line":35,"column":28},"end":{"line":38,"column":7}},"line":35},"9":{"name":"(anonymous_9)","decl":{"start":{"line":39,"column":13},"end":{"line":39,"column":14}},"loc":{"start":{"line":39,"column":28},"end":{"line":42,"column":7}},"line":39},"10":{"name":"(anonymous_10)","decl":{"start":{"line":46,"column":32},"end":{"line":46,"column":33}},"loc":{"start":{"line":46,"column":39},"end":{"line":48,"column":1}},"line":46},"11":{"name":"(anonymous_11)","decl":{"start":{"line":50,"column":34},"end":{"line":50,"column":35}},"loc":{"start":{"line":50,"column":47},"end":{"line":53,"column":1}},"line":50},"12":{"name":"(anonymous_12)","decl":{"start":{"line":55,"column":34},"end":{"line":55,"column":35}},"loc":{"start":{"line":55,"column":46},"end":{"line":58,"column":1}},"line":55},"13":{"name":"(anonymous_13)","decl":{"start":{"line":60,"column":30},"end":{"line":60,"column":31}},"loc":{"start":{"line":60,"column":37},"end":{"line":62,"column":1}},"line":60},"14":{"name":"(anonymous_14)","decl":{"start":{"line":64,"column":32},"end":{"line":64,"column":33}},"loc":{"start":{"line":64,"column":43},"end":{"line":67,"column":1}},"line":64},"15":{"name":"(anonymous_15)","decl":{"start":{"line":69,"column":32},"end":{"line":69,"column":33}},"loc":{"start":{"line":69,"column":44},"end":{"line":72,"column":1}},"line":69}},"branchMap":{},"s":{"0":0,"1":0,"2":0,"3":0,"4":0,"5":0,"6":0,"7":0,"8":0,"9":0,"10":0,"11":0,"12":0,"13":1,"14":0,"15":1,"16":1,"17":1,"18":0,"19":1,"20":0,"21":1,"22":1,"23":1,"24":0},"f":{"0":0,"1":0,"2":0,"3":0,"4":0,"5":0,"6":0,"7":0,"8":0,"9":0,"10":0,"11":1,"12":0,"13":0,"14":1,"15":0},"b":{},"_coverageSchema":"1a1c01bbd47fc00a2c39e90264f33305004495a9","hash":"aa88b456e4b5818eb07149d6f6f560d66a6a045a"}
,"/home/Projects/Pruebas/frontend-tech-test-pb/src/redux/reducers/CitiesReducer.js": {"path":"/home/Projects/Pruebas/frontend-tech-test-pb/src/redux/reducers/CitiesReducer.js","statementMap":{"0":{"start":{"line":7,"column":21},"end":{"line":11,"column":1}},"1":{"start":{"line":13,"column":19},"end":{"line":15,"column":1}},"2":{"start":{"line":18,"column":28},"end":{"line":18,"column":34}},"3":{"start":{"line":21,"column":25},"end":{"line":21,"column":27}},"4":{"start":{"line":23,"column":25},"end":{"line":32,"column":6}},"5":{"start":{"line":24,"column":23},"end":{"line":30,"column":7}},"6":{"start":{"line":31,"column":6},"end":{"line":31,"column":36}},"7":{"start":{"line":34,"column":4},"end":{"line":34,"column":26}},"8":{"start":{"line":37,"column":2},"end":{"line":60,"column":3}},"9":{"start":{"line":39,"column":6},"end":{"line":43,"column":8}},"10":{"start":{"line":45,"column":6},"end":{"line":50,"column":8}},"11":{"start":{"line":52,"column":6},"end":{"line":57,"column":8}},"12":{"start":{"line":59,"column":6},"end":{"line":59,"column":19}}},"fnMap":{"0":{"name":"(anonymous_0)","decl":{"start":{"line":17,"column":15},"end":{"line":17,"column":16}},"loc":{"start":{"line":17,"column":55},"end":{"line":61,"column":1}},"line":17},"1":{"name":"extractDataCities","decl":{"start":{"line":20,"column":11},"end":{"line":20,"column":28}},"loc":{"start":{"line":20,"column":42},"end":{"line":35,"column":3}},"line":20},"2":{"name":"(anonymous_2)","decl":{"start":{"line":23,"column":41},"end":{"line":23,"column":42}},"loc":{"start":{"line":23,"column":51},"end":{"line":32,"column":5}},"line":23}},"branchMap":{"0":{"loc":{"start":{"line":17,"column":25},"end":{"line":17,"column":45}},"type":"default-arg","locations":[{"start":{"line":17,"column":33},"end":{"line":17,"column":45}}],"line":17},"1":{"loc":{"start":{"line":37,"column":2},"end":{"line":60,"column":3}},"type":"switch","locations":[{"start":{"line":38,"column":4},"end":{"line":43,"column":8}},{"start":{"line":44,"column":4},"end":{"line":50,"column":8}},{"start":{"line":51,"column":4},"end":{"line":57,"column":8}},{"start":{"line":58,"column":4},"end":{"line":59,"column":19}}],"line":37}},"s":{"0":1,"1":1,"2":0,"3":0,"4":0,"5":0,"6":0,"7":0,"8":0,"9":0,"10":0,"11":0,"12":0},"f":{"0":0,"1":0,"2":0},"b":{"0":[0],"1":[0,0,0,0]},"_coverageSchema":"1a1c01bbd47fc00a2c39e90264f33305004495a9","hash":"0487dda62e3c12f09effa1463acf791f1b375368"}
}
