TN:
SF:src/components/card/Card.jsx
FN:10,(anonymous_0)
FNF:1
FNH:1
FNDA:1,(anonymous_0)
DA:10,1
DA:11,1
LF:2
LH:2
BRDA:13,0,0,0
BRDA:13,0,1,1
BRF:2
BRH:1
end_of_record
TN:
SF:src/components/card/card.styles.jsx
FN:3,(anonymous_0)
FN:16,(anonymous_1)
FN:19,(anonymous_2)
FNF:3
FNH:3
FNDA:1,(anonymous_0)
FNDA:1,(anonymous_1)
FNDA:1,(anonymous_2)
DA:3,1
DA:4,1
DA:6,1
DA:8,0
DA:10,0
DA:14,1
DA:16,1
DA:19,1
DA:32,1
DA:38,1
LF:10
LH:8
BRDA:4,0,0,1
BRDA:4,0,1,0
BRDA:4,0,2,0
BRDA:19,1,0,0
BRDA:19,1,1,1
BRF:5
BRH:2
end_of_record
TN:
SF:src/components/cardCity/CardCity.jsx
FN:17,(anonymous_0)
FN:27,handleDelete
FN:28,(anonymous_2)
FN:56,(anonymous_3)
FNF:4
FNH:0
FNDA:0,(anonymous_0)
FNDA:0,handleDelete
FNDA:0,(anonymous_2)
FNDA:0,(anonymous_3)
DA:17,1
DA:24,0
DA:25,0
DA:28,0
DA:29,0
DA:32,0
DA:56,0
LF:7
LH:1
BRDA:20,0,0,0
BRDA:55,1,0,0
BRDA:55,1,1,0
BRF:3
BRH:0
end_of_record
TN:
SF:src/components/cardCity/cardCity.selectors.jsx
FN:1,(anonymous_0)
FNF:1
FNH:1
FNDA:2,(anonymous_0)
DA:1,3
LF:1
LH:1
BRF:0
BRH:0
end_of_record
TN:
SF:src/components/cardCity/cardCity.styles.jsx
FN:44,(anonymous_0)
FNF:1
FNH:0
FNDA:0,(anonymous_0)
DA:3,1
DA:44,0
DA:57,1
DA:69,1
DA:76,1
DA:82,1
LF:6
LH:5
BRDA:44,0,0,0
BRDA:44,0,1,0
BRF:2
BRH:0
end_of_record
TN:
SF:src/components/common/buttons/button/Button.styled.jsx
FNF:0
FNH:0
DA:3,2
LF:1
LH:1
BRF:0
BRH:0
end_of_record
TN:
SF:src/components/common/buttons/delete/Delete.styles.jsx
FNF:0
FNH:0
DA:5,1
LF:1
LH:1
BRF:0
BRH:0
end_of_record
TN:
SF:src/components/common/buttons/submit/Submit.styles.jsx
FNF:0
FNH:0
DA:5,1
LF:1
LH:1
BRF:0
BRH:0
end_of_record
TN:
SF:src/components/search/Search.jsx
FN:15,(anonymous_0)
FN:22,(anonymous_1)
FNF:2
FNH:1
FNDA:2,(anonymous_0)
FNDA:0,(anonymous_1)
DA:15,1
DA:16,2
DA:18,2
DA:20,0
DA:22,0
DA:23,0
DA:24,0
DA:27,0
LF:8
LH:3
BRDA:29,0,0,0
BRDA:29,0,1,0
BRDA:44,1,0,0
BRDA:44,1,1,0
BRF:4
BRH:0
end_of_record
TN:
SF:src/components/search/search.styles.jsx
FNF:0
FNH:0
DA:3,1
LF:1
LH:1
BRF:0
BRH:0
end_of_record
TN:
SF:src/redux/actions/ListSelectedActions.js
FN:3,setListSelected
FN:4,(anonymous_1)
FN:9,(anonymous_2)
FNF:3
FNH:0
FNDA:0,setListSelected
FNDA:0,(anonymous_1)
FNDA:0,(anonymous_2)
DA:4,0
DA:5,0
DA:9,3
LF:3
LH:1
BRF:0
BRH:0
end_of_record
TN:
SF:src/redux/actions/SearchActions.js
FN:7,getSearchCity
FN:8,(anonymous_1)
FN:12,(anonymous_2)
FN:15,(anonymous_3)
FN:22,(anonymous_4)
FN:29,(anonymous_5)
FN:33,(anonymous_6)
FN:38,(anonymous_7)
FNF:8
FNH:0
FNDA:0,getSearchCity
FNDA:0,(anonymous_1)
FNDA:0,(anonymous_2)
FNDA:0,(anonymous_3)
FNDA:0,(anonymous_4)
FNDA:0,(anonymous_5)
FNDA:0,(anonymous_6)
FNDA:0,(anonymous_7)
DA:8,0
DA:9,0
DA:13,0
DA:16,0
DA:17,0
DA:19,0
DA:23,0
DA:24,0
DA:29,2
DA:33,2
DA:38,2
LF:11
LH:3
BRDA:16,0,0,0
BRDA:16,0,1,0
BRF:2
BRH:0
end_of_record
TN:
SF:src/redux/actions/StatusActions.js
FN:3,setStatus
FN:4,(anonymous_1)
FN:9,(anonymous_2)
FNF:3
FNH:0
FNDA:0,setStatus
FNDA:0,(anonymous_1)
FNDA:0,(anonymous_2)
DA:4,0
DA:5,0
DA:9,2
LF:3
LH:1
BRF:0
BRH:0
end_of_record
TN:
SF:src/redux/actions/action-types.js
FNF:0
FNH:0
DA:1,5
DA:2,5
DA:3,5
DA:4,5
DA:5,5
DA:6,5
DA:7,5
DA:8,5
DA:9,5
DA:10,5
DA:11,5
LF:11
LH:11
BRF:0
BRH:0
end_of_record
TN:
SF:src/redux/actions/index.js
FN:10,getCities
FN:11,(anonymous_1)
FN:15,(anonymous_2)
FN:18,(anonymous_3)
FN:21,(anonymous_4)
FN:27,getCity
FN:28,(anonymous_6)
FN:32,(anonymous_7)
FN:35,(anonymous_8)
FN:39,(anonymous_9)
FN:46,(anonymous_10)
FN:50,(anonymous_11)
FN:55,(anonymous_12)
FN:60,(anonymous_13)
FN:64,(anonymous_14)
FN:69,(anonymous_15)
FNF:16
FNH:2
FNDA:0,getCities
FNDA:0,(anonymous_1)
FNDA:0,(anonymous_2)
FNDA:0,(anonymous_3)
FNDA:0,(anonymous_4)
FNDA:0,getCity
FNDA:0,(anonymous_6)
FNDA:0,(anonymous_7)
FNDA:0,(anonymous_8)
FNDA:0,(anonymous_9)
FNDA:0,(anonymous_10)
FNDA:1,(anonymous_11)
FNDA:0,(anonymous_12)
FNDA:0,(anonymous_13)
FNDA:1,(anonymous_14)
FNDA:0,(anonymous_15)
DA:11,0
DA:12,0
DA:16,0
DA:19,0
DA:22,0
DA:23,0
DA:28,0
DA:29,0
DA:33,0
DA:36,0
DA:37,0
DA:40,0
DA:41,0
DA:46,1
DA:50,1
DA:55,1
DA:60,1
DA:64,1
DA:69,1
LF:19
LH:6
BRF:0
BRH:0
end_of_record
TN:
SF:src/redux/reducers/CitiesReducer.js
FN:17,(anonymous_0)
FN:20,extractDataCities
FN:23,(anonymous_2)
FNF:3
FNH:0
FNDA:0,(anonymous_0)
FNDA:0,extractDataCities
FNDA:0,(anonymous_2)
DA:7,1
DA:13,1
DA:18,0
DA:21,0
DA:23,0
DA:24,0
DA:31,0
DA:34,0
DA:37,0
DA:39,0
DA:45,0
DA:52,0
DA:59,0
LF:13
LH:2
BRDA:17,0,0,0
BRDA:37,1,0,0
BRDA:37,1,1,0
BRDA:37,1,2,0
BRDA:37,1,3,0
BRF:5
BRH:0
end_of_record
